<?xml version="1.0" encoding="UTF-8"?>
<!-- Generated by org.testng.reporters.JUnitReportReporter -->
<testsuite hostname="libreadmin-H110M-S2" failures="0" tests="1" name="main.FwDownload" time="30.529" errors="0" timestamp="2021-06-09T16:30:52 IST" skipped="0">
  <testcase classname="main.FwDownload" name="donwLoadBuildFromLibreServer" time="30.529"/>
  <system-out/>
</testsuite> <!-- main.FwDownload -->
